  OpenCVApplication.cpp
c:\users\hoggo\desktop\pi\res_proj\intestinal-polyp-segmentation\opencvapplication-vs2017_ocv340_basic\opencvapplication.cpp(119): warning C4305: 'initializing': truncation from 'double' to 'float'
c:\users\hoggo\desktop\pi\res_proj\intestinal-polyp-segmentation\opencvapplication-vs2017_ocv340_basic\opencvapplication.cpp(174): warning C4244: 'initializing': conversion from 'double' to 'float', possible loss of data
c:\users\hoggo\desktop\pi\res_proj\intestinal-polyp-segmentation\opencvapplication-vs2017_ocv340_basic\opencvapplication.cpp(309): warning C4244: '=': conversion from 'float' to '_Tp', possible loss of data
          with
          [
              _Tp=uchar
          ]
c:\users\hoggo\desktop\pi\res_proj\intestinal-polyp-segmentation\opencvapplication-vs2017_ocv340_basic\opencvapplication.cpp(310): warning C4244: '=': conversion from 'float' to '_Tp', possible loss of data
          with
          [
              _Tp=uchar
          ]
c:\users\hoggo\desktop\pi\res_proj\intestinal-polyp-segmentation\opencvapplication-vs2017_ocv340_basic\opencvapplication.cpp(311): warning C4244: '=': conversion from 'float' to '_Tp', possible loss of data
          with
          [
              _Tp=uchar
          ]
c:\users\hoggo\desktop\pi\res_proj\intestinal-polyp-segmentation\opencvapplication-vs2017_ocv340_basic\opencvapplication.cpp(447): warning C4244: '/=': conversion from 'float' to 'int', possible loss of data
c:\users\hoggo\desktop\pi\res_proj\intestinal-polyp-segmentation\opencvapplication-vs2017_ocv340_basic\opencvapplication.cpp(448): warning C4244: '/=': conversion from 'float' to 'int', possible loss of data
c:\users\hoggo\desktop\pi\res_proj\intestinal-polyp-segmentation\opencvapplication-vs2017_ocv340_basic\opencvapplication.cpp(495): warning C4244: '=': conversion from 'float' to 'int', possible loss of data
c:\users\hoggo\desktop\pi\res_proj\intestinal-polyp-segmentation\opencvapplication-vs2017_ocv340_basic\opencvapplication.cpp(496): warning C4244: '=': conversion from 'float' to 'int', possible loss of data
c:\users\hoggo\desktop\pi\res_proj\intestinal-polyp-segmentation\opencvapplication-vs2017_ocv340_basic\opencvapplication.cpp(521): warning C4244: 'initializing': conversion from 'double' to 'float', possible loss of data
c:\users\hoggo\desktop\pi\res_proj\intestinal-polyp-segmentation\opencvapplication-vs2017_ocv340_basic\opencvapplication.cpp(620): warning C4244: 'initializing': conversion from 'int' to 'float', possible loss of data
c:\users\hoggo\desktop\pi\res_proj\intestinal-polyp-segmentation\opencvapplication-vs2017_ocv340_basic\opencvapplication.cpp(621): warning C4244: 'initializing': conversion from 'int' to 'float', possible loss of data
c:\users\hoggo\desktop\pi\res_proj\intestinal-polyp-segmentation\opencvapplication-vs2017_ocv340_basic\opencvapplication.cpp(623): warning C4244: 'return': conversion from 'double' to 'float', possible loss of data
c:\users\hoggo\desktop\pi\res_proj\intestinal-polyp-segmentation\opencvapplication-vs2017_ocv340_basic\opencvapplication.cpp(1289): warning C4267: 'initializing': conversion from 'size_t' to 'int', possible loss of data
c:\users\hoggo\desktop\pi\res_proj\intestinal-polyp-segmentation\opencvapplication-vs2017_ocv340_basic\opencvapplication.cpp(1323): warning C4267: 'initializing': conversion from 'size_t' to 'int', possible loss of data
c:\users\hoggo\desktop\pi\res_proj\intestinal-polyp-segmentation\opencvapplication-vs2017_ocv340_basic\opencvapplication.cpp(1685): warning C4244: '=': conversion from 'double' to 'float', possible loss of data
c:\users\hoggo\desktop\pi\res_proj\intestinal-polyp-segmentation\opencvapplication-vs2017_ocv340_basic\opencvapplication.cpp(1746): warning C4244: '=': conversion from 'float' to 'int', possible loss of data
c:\users\hoggo\desktop\pi\res_proj\intestinal-polyp-segmentation\opencvapplication-vs2017_ocv340_basic\opencvapplication.cpp(1793): warning C4244: '=': conversion from 'int' to 'float', possible loss of data
c:\users\hoggo\desktop\pi\res_proj\intestinal-polyp-segmentation\opencvapplication-vs2017_ocv340_basic\opencvapplication.cpp(1801): warning C4244: '=': conversion from 'int' to 'float', possible loss of data
c:\users\hoggo\desktop\pi\res_proj\intestinal-polyp-segmentation\opencvapplication-vs2017_ocv340_basic\opencvapplication.cpp(1807): warning C4244: 'initializing': conversion from 'float' to 'int', possible loss of data
c:\users\hoggo\desktop\pi\res_proj\intestinal-polyp-segmentation\opencvapplication-vs2017_ocv340_basic\opencvapplication.cpp(1882): warning C4244: '=': conversion from 'double' to 'float', possible loss of data
c:\users\hoggo\desktop\pi\res_proj\intestinal-polyp-segmentation\opencvapplication-vs2017_ocv340_basic\opencvapplication.cpp(1890): warning C4244: '=': conversion from 'float' to '_Tp', possible loss of data
          with
          [
              _Tp=uchar
          ]
c:\users\hoggo\desktop\pi\res_proj\intestinal-polyp-segmentation\opencvapplication-vs2017_ocv340_basic\opencvapplication.cpp(2103): warning C4244: '=': conversion from 'int' to 'float', possible loss of data
c:\users\hoggo\desktop\pi\res_proj\intestinal-polyp-segmentation\opencvapplication-vs2017_ocv340_basic\opencvapplication.cpp(2112): warning C4244: '=': conversion from 'int' to 'float', possible loss of data
c:\users\hoggo\desktop\pi\res_proj\intestinal-polyp-segmentation\opencvapplication-vs2017_ocv340_basic\opencvapplication.cpp(2121): warning C4244: '=': conversion from 'int' to 'float', possible loss of data
c:\users\hoggo\desktop\pi\res_proj\intestinal-polyp-segmentation\opencvapplication-vs2017_ocv340_basic\opencvapplication.cpp(2129): warning C4244: '=': conversion from 'int' to 'float', possible loss of data
c:\users\hoggo\desktop\pi\res_proj\intestinal-polyp-segmentation\opencvapplication-vs2017_ocv340_basic\opencvapplication.cpp(2171): warning C4244: 'initializing': conversion from 'int' to 'float', possible loss of data
c:\users\hoggo\desktop\pi\res_proj\intestinal-polyp-segmentation\opencvapplication-vs2017_ocv340_basic\opencvapplication.cpp(2373): warning C4244: 'argument': conversion from 'int' to 'float', possible loss of data
  Generating code
  1 of 792 functions ( 0.1%) were compiled, the rest were copied from previous compilation.
    0 functions were new in current compilation
    1 functions had inline decision re-evaluated but remain unchanged
  Finished generating code
  OpenCVApplication.vcxproj -> C:\Users\hoGGo\Desktop\PI\Res_proj\intestinal-polyp-segmentation\OpenCVApplication-VS2017_OCV340_basic\x64\Release\OpenCVApplication.exe
  OpenCV\dll\Release\opencv_ffmpeg340_64.dll
  OpenCV\dll\Release\opencv_world340.dll
          2 file(s) copied.
